<?xml version="1.0" encoding="UTF-8"?>
<!-- Generated by org.testng.reporters.JUnitXMLReporter -->
<testsuite hostname="Vaibhav" ignored="1" name="logintset" tests="2" failures="2" timestamp="2023-03-20T13:58:29 IST" time="0.086" errors="0">
  <testcase name="loginpage" time="0.022" classname="com.amazon.logintest.Pomlogintest">
    <failure type="java.lang.NullPointerException">
      <![CDATA[java.lang.NullPointerException
at com.amazon.loginpage.Pomloginpage.signclick(Pomloginpage.java:26)
at com.amazon.logintest.Pomlogintest.loginpage(Pomlogintest.java:16)
at java.util.ArrayList.forEach(Unknown Source)
... Removed 27 stack frames]]>
    </failure>
  </testcase> <!-- loginpage -->
  <testcase name="loginpage" time="0.05" classname="com.amazon.logintest.Pomlogintest">
    <failure type="java.lang.NullPointerException">
      <![CDATA[java.lang.NullPointerException
at com.amazon.utility.Listerners.onTestFailure(Listerners.java:30)
at java.util.ArrayList.forEach(Unknown Source)
... Removed 24 stack frames]]>
    </failure>
  </testcase> <!-- loginpage -->
  <testcase name="verifyelements" time="0.0" classname="com.amazon.logintest.Pomlogintest">
    <ignored/>
  </testcase> <!-- verifyelements -->
</testsuite> <!-- logintset -->
